SF:lib/core/error/failure.dart
DA:6,2
DA:7,2
DA:11,0
DA:16,0
LF:4
LH:2
end_of_record
SF:lib/domain/entities/apod.dart
DA:15,2
DA:27,2
DA:28,2
DA:29,2
DA:30,2
DA:31,2
DA:32,2
DA:33,2
DA:34,2
DA:35,2
DA:36,2
DA:37,2
LF:12
LH:12
end_of_record
SF:lib/domain/usecases/today_apod/fetch_apod_today.dart
DA:10,1
DA:14,1
DA:16,2
LF:3
LH:3
end_of_record
SF:lib/data/models/apod_model.dart
DA:4,1
DA:16,0
DA:17,0
DA:18,0
DA:19,0
DA:20,0
DA:21,0
DA:22,0
DA:23,0
DA:24,0
DA:25,0
DA:28,0
DA:29,0
DA:30,0
DA:31,0
DA:32,0
DA:33,0
DA:34,0
DA:35,0
DA:36,0
DA:37,0
LF:21
LH:1
end_of_record
SF:lib/data/repositories/today_apod/today_apod_repository_impl.dart
DA:12,1
DA:17,1
DA:19,2
DA:22,2
DA:23,1
DA:24,1
DA:25,1
DA:28,2
LF:8
LH:8
end_of_record
SF:lib/data/datasources/today_apod/remote/today_apod_datasource_impl.dart
DA:8,0
DA:12,0
DA:15,0
LF:3
LH:0
end_of_record
