SF:lib/core/error/failure.dart
DA:6,2
DA:7,2
DA:11,1
DA:16,0
LF:4
LH:3
end_of_record
SF:lib/domain/entities/apod.dart
DA:15,4
DA:27,4
DA:28,4
DA:29,4
DA:30,4
DA:31,4
DA:32,4
DA:33,4
DA:34,4
DA:35,4
DA:36,4
DA:37,4
LF:12
LH:12
end_of_record
SF:lib/domain/usecases/today_apod/fetch_apod_today.dart
DA:10,1
DA:14,1
DA:16,2
LF:3
LH:3
end_of_record
SF:lib/data/models/apod_model.dart
DA:4,2
DA:16,2
DA:17,1
DA:18,3
DA:19,1
DA:20,1
DA:21,1
DA:22,1
DA:23,1
DA:24,1
DA:25,1
DA:28,0
DA:29,0
DA:30,0
DA:31,0
DA:32,0
DA:33,0
DA:34,0
DA:35,0
DA:36,0
DA:37,0
LF:21
LH:11
end_of_record
SF:lib/presentation/bloc/today_apod/today_apod_event.dart
DA:4,1
DA:6,0
DA:7,0
LF:3
LH:1
end_of_record
SF:lib/presentation/bloc/today_apod/today_apod_state.dart
DA:4,1
DA:6,1
DA:7,1
DA:13,1
DA:17,1
DA:18,2
DA:24,1
DA:28,1
DA:29,2
LF:9
LH:9
end_of_record
SF:lib/presentation/bloc/today_apod/today_apod_bloc.dart
DA:12,1
DA:15,4
DA:21,3
DA:22,3
DA:24,1
DA:25,3
DA:26,1
DA:27,4
DA:28,2
DA:29,3
DA:30,1
DA:31,1
DA:34,3
DA:35,1
LF:14
LH:14
end_of_record
SF:lib/data/datasources/network/network_info_datasource.dart
DA:14,1
DA:18,1
DA:20,2
LF:3
LH:3
end_of_record
SF:lib/data/repositories/today_apod/today_apod_repository_impl.dart
DA:12,1
DA:17,1
DA:19,2
DA:22,2
DA:23,1
DA:24,1
DA:25,1
DA:28,2
LF:8
LH:8
end_of_record
SF:lib/data/datasources/today_apod/remote/today_apod_datasource_impl.dart
DA:12,1
DA:16,1
DA:20,4
DA:22,1
DA:24,2
DA:25,3
DA:26,1
DA:28,1
LF:8
LH:8
end_of_record
SF:lib/core/constants/env.dart
DA:3,2
DA:4,1
LF:2
LH:2
end_of_record
